2023/06/25 14:39:27.196 [D] [alarm.go:164]  内存使用率告警 2023-06-25 14:39:27.1969314 +0800 CST m=+60.054915201 
2023/06/25 14:39:27.196 [D] [alarm.go:125]  CPU使用率告警 2023-06-25 14:39:27.1969314 +0800 CST m=+60.054915201 
2023/06/25 14:39:27.196 [D] [alarm.go:87]  离线告警 2023-06-25 14:39:27.1968593 +0800 CST m=+60.054843101 
2023/06/25 14:39:27.550 [I] [alarm.go:109]  终端离线告警:  终端[74d2472e61c2448f969fe99d32a8b63b]最后一次发送心跳时间为2023-06-25T11:22:59+08:00, 已超过离线时间5分钟 , email通知: 535 Login Fail. Please enter your authorization code to login. More information in http://service.mail.qq.com/cgi-bin/help?subtype=1&&id=28&&no=1001256 , sms通知: [TencentCloudSDKError] Code=AuthFailure.SecretIdNotFound, Message=SecretId不存在，请输入正确的密钥。, RequestId=fff63268-17c9-443a-a619-a160ca13a246 
2023/06/25 14:40:27.196 [D] [alarm.go:125]  CPU使用率告警 2023-06-25 14:40:27.1967112 +0800 CST m=+120.054893001 
2023/06/25 14:40:27.196 [D] [alarm.go:164]  内存使用率告警 2023-06-25 14:40:27.1966773 +0800 CST m=+120.054859101 
2023/06/25 14:40:27.196 [D] [alarm.go:87]  离线告警 2023-06-25 14:40:27.1967112 +0800 CST m=+120.054893001 
2023/06/25 14:40:27.488 [I] [alarm.go:109]  终端离线告警:  终端[74d2472e61c2448f969fe99d32a8b63b]最后一次发送心跳时间为2023-06-25T11:22:59+08:00, 已超过离线时间5分钟 , email通知: 535 Login Fail. Please enter your authorization code to login. More information in http://service.mail.qq.com/cgi-bin/help?subtype=1&&id=28&&no=1001256 , sms通知: [TencentCloudSDKError] Code=AuthFailure.SecretIdNotFound, Message=SecretId不存在，请输入正确的密钥。, RequestId=7bc2b58e-18b3-4a85-9c09-6a6124615414 
2023/06/25 14:41:27.198 [D] [alarm.go:164]  内存使用率告警 2023-06-25 14:41:27.1983845 +0800 CST m=+180.056759101 
2023/06/25 14:41:27.198 [D] [alarm.go:87]  离线告警 2023-06-25 14:41:27.1983845 +0800 CST m=+180.056759101 
2023/06/25 14:41:27.198 [D] [alarm.go:125]  CPU使用率告警 2023-06-25 14:41:27.1983845 +0800 CST m=+180.056759101 
2023/06/25 14:41:27.207 [I] [alarm.go:100]  通知次数(2)超过限制(2), 终端[74d2472e61c2448f969fe99d32a8b63b]最后一次发送心跳时间为2023-06-25T11:22:59+08:00, 已超过离线时间5分钟 
2023/06/25 14:42:27.224 [D] [alarm.go:87]  离线告警 2023-06-25 14:42:27.2245705 +0800 CST m=+240.083137201 
2023/06/25 14:42:27.224 [D] [alarm.go:125]  CPU使用率告警 2023-06-25 14:42:27.2245705 +0800 CST m=+240.083137201 
2023/06/25 14:42:27.224 [D] [alarm.go:164]  内存使用率告警 2023-06-25 14:42:27.2245705 +0800 CST m=+240.083137201 
2023/06/25 14:42:27.289 [I] [alarm.go:100]  通知次数(2)超过限制(2), 终端[74d2472e61c2448f969fe99d32a8b63b]最后一次发送心跳时间为2023-06-25T11:22:59+08:00, 已超过离线时间5分钟 
2023/06/25 14:43:27.196 [D] [alarm.go:125]  CPU使用率告警 2023-06-25 14:43:27.1962818 +0800 CST m=+300.055040401 
2023/06/25 14:43:27.196 [D] [alarm.go:87]  离线告警 2023-06-25 14:43:27.1962818 +0800 CST m=+300.055040401 
2023/06/25 14:43:27.196 [D] [alarm.go:164]  内存使用率告警 2023-06-25 14:43:27.1962818 +0800 CST m=+300.055040401 
2023/06/25 14:43:27.198 [I] [alarm.go:100]  通知次数(2)超过限制(2), 终端[74d2472e61c2448f969fe99d32a8b63b]最后一次发送心跳时间为2023-06-25T11:22:59+08:00, 已超过离线时间5分钟 
2023/06/25 14:44:27.197 [D] [alarm.go:87]  离线告警 2023-06-25 14:44:27.1975433 +0800 CST m=+360.056493901 
2023/06/25 14:44:27.197 [D] [alarm.go:164]  内存使用率告警 2023-06-25 14:44:27.19745 +0800 CST m=+360.056400601 
2023/06/25 14:44:27.197 [D] [alarm.go:125]  CPU使用率告警 2023-06-25 14:44:27.1975433 +0800 CST m=+360.056493901 
2023/06/25 14:44:27.199 [I] [alarm.go:100]  通知次数(2)超过限制(2), 终端[74d2472e61c2448f969fe99d32a8b63b]最后一次发送心跳时间为2023-06-25T11:22:59+08:00, 已超过离线时间5分钟 
